<?xml version="1.0" encoding="UTF-8"?>
<testsuite name="eu.europa.ec.smp.api.validators.BdxSmpOasisValidatorTest" time="0.222" tests="7" errors="0" skipped="0" failures="0">
  <properties>
[...]
</properties>
  <testcase name="[0] ServiceMetadata_OK.xml (testValidatePositive)" classname="eu.europa.ec.smp.api.validators.BdxSmpOasisValidatorTest" time="0.202"/>
  <testcase name="[1] ServiceGroup_OK.xml (testValidatePositive)" classname="eu.europa.ec.smp.api.validators.BdxSmpOasisValidatorTest" time="0.002"/>
  <testcase name="[0] ServiceMetadata_ElementAdded.xml, cvc-complex-type.2.4.a: Invalid content was found starting with element &apos;ElementAdded&apos;. One of &apos;{&quot;http://docs.oasis-open.org/bdxr/ns/SMP/2016/05&quot;:ServiceInformation, &quot;http://docs.oasis-open.org/bdxr/ns/SMP/2016/05&quot;:Redirect}&apos; is expected. (testValidateNegative)" classname="eu.europa.ec.smp.api.validators.BdxSmpOasisValidatorTest" time="0.003"/>
  <testcase name="[1] ServiceMetadata_ElementMissing.xml, cvc-complex-type.2.4.b: The content of element &apos;Redirect&apos; is not complete. One of &apos;{&quot;http://docs.oasis-open.org/bdxr/ns/SMP/2016/05&quot;:CertificateUID}&apos; is expected. (testValidateNegative)" classname="eu.europa.ec.smp.api.validators.BdxSmpOasisValidatorTest" time="0.003"/>
  <testcase name="[2] ServiceGroup_MissingAssignment.xml, Attribute name &quot;missingAssignment&quot; associated with an element type &quot;ServiceMetadataReferenceCollection&quot; must be followed by the &apos; = &apos; character. (testValidateNegative)" classname="eu.europa.ec.smp.api.validators.BdxSmpOasisValidatorTest" time="0.005"/>
  <testcase name="[3] ServiceGroup_UnexpectedAttribute.xml, cvc-complex-type.3.2.2: Attribute &apos;unexpectedAttribute&apos; is not allowed to appear in element &apos;ServiceMetadataReferenceCollection&apos;. (testValidateNegative)" classname="eu.europa.ec.smp.api.validators.BdxSmpOasisValidatorTest" time="0.001"/>
  <testcase name="[4] ServiceGroup_externalDTD.xml, External DTD: Failed to read external DTD &apos;any_external_file_address.dtd&apos;, because &apos;file&apos; access is not allowed due to restriction set by the accessExternalDTD property. (testValidateNegative)" classname="eu.europa.ec.smp.api.validators.BdxSmpOasisValidatorTest" time="0.006"/>
</testsuite>