<?xml version="1.0" encoding="UTF-8"?>
<testsuite name="eu.europa.ec.smp.api.IdentifiersTest" time="0.04" tests="122" errors="0" skipped="0" failures="0">
  <properties>
[...]
</properties>
  <testcase name="[0] null (testDocumentIdNegative)" classname="eu.europa.ec.smp.api.IdentifiersTest" time="0.007"/>
  <testcase name="[1]  (testDocumentIdNegative)" classname="eu.europa.ec.smp.api.IdentifiersTest" time="0.001"/>
  <testcase name="[2] a (testDocumentIdNegative)" classname="eu.europa.ec.smp.api.IdentifiersTest" time="0.001"/>
  <testcase name="[3] abc (testDocumentIdNegative)" classname="eu.europa.ec.smp.api.IdentifiersTest" time="0.007"/>
  <testcase name="[4] a:b (testDocumentIdNegative)" classname="eu.europa.ec.smp.api.IdentifiersTest" time="0"/>
  <testcase name="[5] ::a (testDocumentIdNegative)" classname="eu.europa.ec.smp.api.IdentifiersTest" time="0"/>
  <testcase name="[6] a:: (testDocumentIdNegative)" classname="eu.europa.ec.smp.api.IdentifiersTest" time="0"/>
  <testcase name="[7] ehealth-actorid-qns (testDocumentIdNegative)" classname="eu.europa.ec.smp.api.IdentifiersTest" time="0"/>
  <testcase name="[8] urn:poland:ncpb (testDocumentIdNegative)" classname="eu.europa.ec.smp.api.IdentifiersTest" time="0"/>
  <testcase name="[9] ehealth-resid-qns (testDocumentIdNegative)" classname="eu.europa.ec.smp.api.IdentifiersTest" time="0"/>
  <testcase name="[10] epsos##services:extended:epsos:51 (testDocumentIdNegative)" classname="eu.europa.ec.smp.api.IdentifiersTest" time="0"/>
  <testcase name="[0] a::b, a, b (testProcessIdPositive)" classname="eu.europa.ec.smp.api.IdentifiersTest" time="0.002"/>
  <testcase name="[1] a::b::c, a, b::c (testProcessIdPositive)" classname="eu.europa.ec.smp.api.IdentifiersTest" time="0.002"/>
  <testcase name="[2] a:b::c, a:b, c (testProcessIdPositive)" classname="eu.europa.ec.smp.api.IdentifiersTest" time="0"/>
  <testcase name="[3] ehealth-actorid-qns::urn:poland:ncpb, ehealth-actorid-qns, urn:poland:ncpb (testProcessIdPositive)" classname="eu.europa.ec.smp.api.IdentifiersTest" time="0"/>
  <testcase name="[4] ehealth-resid-qns::urn::epsos##services:extended:epsos::51, ehealth-resid-qns, urn::epsos##services:extended:epsos::51 (testProcessIdPositive)" classname="eu.europa.ec.smp.api.IdentifiersTest" time="0"/>
  <testcase name="[5] iso6523-actorid-upis::0002:gutek, iso6523-actorid-upis, 0002:gutek (testProcessIdPositive)" classname="eu.europa.ec.smp.api.IdentifiersTest" time="0.001"/>
  <testcase name="[6] ehealth-actorid-qns::urn:ehealth:hr:ncpb-idp, ehealth-actorid-qns, urn:ehealth:hr:ncpb-idp (testProcessIdPositive)" classname="eu.europa.ec.smp.api.IdentifiersTest" time="0.001"/>
  <testcase name="[7] scheme::urn:ehealth:pt:ncpb-idp, scheme, urn:ehealth:pt:ncpb-idp (testProcessIdPositive)" classname="eu.europa.ec.smp.api.IdentifiersTest" time="0"/>
  <testcase name="[8] otherscheme::urn:ehealth:be:ncpb-idp, otherscheme, urn:ehealth:be:ncpb-idp (testProcessIdPositive)" classname="eu.europa.ec.smp.api.IdentifiersTest" time="0"/>
  <testcase name="[9] ehealth-resid-qns::urn:ehealth:IdentityService::XCPD::CrossGatewayPatientDiscovery##ITI-55, ehealth-resid-qns, urn:ehealth:IdentityService::XCPD::CrossGatewayPatientDiscovery##ITI-55 (testProcessIdPositive)" classname="eu.europa.ec.smp.api.IdentifiersTest" time="0"/>
  <testcase name="[10] ehealth-resid-qns::urn:XCPD::CrossGatewayPatientDiscovery, ehealth-resid-qns, urn:XCPD::CrossGatewayPatientDiscovery (testProcessIdPositive)" classname="eu.europa.ec.smp.api.IdentifiersTest" time="0"/>
  <testcase name="[11] ehealth-resid-qns::urn:ehealth:PatientService::XCA::CrossGatewayQuery##ITI-38, ehealth-resid-qns, urn:ehealth:PatientService::XCA::CrossGatewayQuery##ITI-38 (testProcessIdPositive)" classname="eu.europa.ec.smp.api.IdentifiersTest" time="0"/>
  <testcase name="[12] ehealth-resid-qns::urn:XCA::CrossGatewayQuery, ehealth-resid-qns, urn:XCA::CrossGatewayQuery (testProcessIdPositive)" classname="eu.europa.ec.smp.api.IdentifiersTest" time="0"/>
  <testcase name="[13] ehealth-resid-qns::urn:ehealth:OrderService::XCA::CrossGatewayQuery##ITI-38, ehealth-resid-qns, urn:ehealth:OrderService::XCA::CrossGatewayQuery##ITI-38 (testProcessIdPositive)" classname="eu.europa.ec.smp.api.IdentifiersTest" time="0"/>
  <testcase name="[14] ehealth-resid-qns::urn:ehealth:DispensationService:Initialize::XDR::ProvideandRegisterDocumentSet-b##ITI-41, ehealth-resid-qns, urn:ehealth:DispensationService:Initialize::XDR::ProvideandRegisterDocumentSet-b##ITI-41 (testProcessIdPositive)" classname="eu.europa.ec.smp.api.IdentifiersTest" time="0"/>
  <testcase name="[15] ehealth-resid-qns::urn:XDR::ProvideandRegisterDocumentSet-b, ehealth-resid-qns, urn:XDR::ProvideandRegisterDocumentSet-b (testProcessIdPositive)" classname="eu.europa.ec.smp.api.IdentifiersTest" time="0.001"/>
  <testcase name="[16] ehealth-resid-qns::urn:ehealth:DispensationService:Discard::XDR::ProvideandRegisterDocumentSet-b##ITI-41, ehealth-resid-qns, urn:ehealth:DispensationService:Discard::XDR::ProvideandRegisterDocumentSet-b##ITI-41 (testProcessIdPositive)" classname="eu.europa.ec.smp.api.IdentifiersTest" time="0"/>
  <testcase name="[17] ehealth-resid-qns::urn:ehealth:ConsentService:Put::XDR::BPPCProvideandRegisterDocumentSet-b##ITI-41, ehealth-resid-qns, urn:ehealth:ConsentService:Put::XDR::BPPCProvideandRegisterDocumentSet-b##ITI-41 (testProcessIdPositive)" classname="eu.europa.ec.smp.api.IdentifiersTest" time="0"/>
  <testcase name="[18] ehealth-resid-qns::urn:XDR::BPPCProvideandRegisterDocumentSet-b, ehealth-resid-qns, urn:XDR::BPPCProvideandRegisterDocumentSet-b (testProcessIdPositive)" classname="eu.europa.ec.smp.api.IdentifiersTest" time="0"/>
  <testcase name="[19] ehealth-resid-qns::urn:ehealth:ConsentService:Discard::XDR::BPPCProvideandRegisterDocumentSet-b##ITI-41, ehealth-resid-qns, urn:ehealth:ConsentService:Discard::XDR::BPPCProvideandRegisterDocumentSet-b##ITI-41 (testProcessIdPositive)" classname="eu.europa.ec.smp.api.IdentifiersTest" time="0.001"/>
  <testcase name="[20] ehealth-resid-qns::urn:ehealth:IdP::identityProvider::HPAuthentication##epsos-91, ehealth-resid-qns, urn:ehealth:IdP::identityProvider::HPAuthentication##epsos-91 (testProcessIdPositive)" classname="eu.europa.ec.smp.api.IdentifiersTest" time="0"/>
  <testcase name="[21] ehealth-resid-qns::urn:identityProvider::HPAuthentication, ehealth-resid-qns, urn:identityProvider::HPAuthentication (testProcessIdPositive)" classname="eu.europa.ec.smp.api.IdentifiersTest" time="0"/>
  <testcase name="[22] ehealth-resid-qns::urn:ehealth:IdP::XUA::ProvideX-UserAssertion##ITI-40, ehealth-resid-qns, urn:ehealth:IdP::XUA::ProvideX-UserAssertion##ITI-40 (testProcessIdPositive)" classname="eu.europa.ec.smp.api.IdentifiersTest" time="0"/>
  <testcase name="[23] ehealth-resid-qns::urn:XUA::ProvideX-UserAssertion, ehealth-resid-qns, urn:XUA::ProvideX-UserAssertion (testProcessIdPositive)" classname="eu.europa.ec.smp.api.IdentifiersTest" time="0"/>
  <testcase name="[24] ehealth-resid-qns::urn:ehealth:VPN::VPNGatewayServer##epsos-105, ehealth-resid-qns, urn:ehealth:VPN::VPNGatewayServer##epsos-105 (testProcessIdPositive)" classname="eu.europa.ec.smp.api.IdentifiersTest" time="0"/>
  <testcase name="[25] ehealth-resid-qns::urn:ehealth:ncp::vpngateway, ehealth-resid-qns, urn:ehealth:ncp::vpngateway (testProcessIdPositive)" classname="eu.europa.ec.smp.api.IdentifiersTest" time="0"/>
  <testcase name="[26] ehealth-resid-qns::urn:ehealth:VPN::VPNGatewayClient##epsos-106, ehealth-resid-qns, urn:ehealth:VPN::VPNGatewayClient##epsos-106 (testProcessIdPositive)" classname="eu.europa.ec.smp.api.IdentifiersTest" time="0.001"/>
  <testcase name="[27] ehealth-resid-qns::urn:ehealth:ISM::InternationalSearchMask##epsos-107, ehealth-resid-qns, urn:ehealth:ISM::InternationalSearchMask##epsos-107 (testProcessIdPositive)" classname="eu.europa.ec.smp.api.IdentifiersTest" time="0.001"/>
  <testcase name="[28] ehealth-resid-qns::urn:ehealth:ncp::pt:ism, ehealth-resid-qns, urn:ehealth:ncp::pt:ism (testProcessIdPositive)" classname="eu.europa.ec.smp.api.IdentifiersTest" time="0"/>
  <testcase name="[0] null (testProcessIdNegative)" classname="eu.europa.ec.smp.api.IdentifiersTest" time="0"/>
  <testcase name="[1]  (testProcessIdNegative)" classname="eu.europa.ec.smp.api.IdentifiersTest" time="0"/>
  <testcase name="[2] a (testProcessIdNegative)" classname="eu.europa.ec.smp.api.IdentifiersTest" time="0.001"/>
  <testcase name="[3] abc (testProcessIdNegative)" classname="eu.europa.ec.smp.api.IdentifiersTest" time="0.002"/>
  <testcase name="[4] a:b (testProcessIdNegative)" classname="eu.europa.ec.smp.api.IdentifiersTest" time="0"/>
  <testcase name="[5] ::a (testProcessIdNegative)" classname="eu.europa.ec.smp.api.IdentifiersTest" time="0"/>
  <testcase name="[6] a:: (testProcessIdNegative)" classname="eu.europa.ec.smp.api.IdentifiersTest" time="0"/>
  <testcase name="[7] ehealth-actorid-qns (testProcessIdNegative)" classname="eu.europa.ec.smp.api.IdentifiersTest" time="0"/>
  <testcase name="[8] urn:poland:ncpb (testProcessIdNegative)" classname="eu.europa.ec.smp.api.IdentifiersTest" time="0"/>
  <testcase name="[9] ehealth-resid-qns (testProcessIdNegative)" classname="eu.europa.ec.smp.api.IdentifiersTest" time="0"/>
  <testcase name="[10] epsos##services:extended:epsos:51 (testProcessIdNegative)" classname="eu.europa.ec.smp.api.IdentifiersTest" time="0"/>
  <testcase name="[0] a::b, a, b (testParticipantIdPositive)" classname="eu.europa.ec.smp.api.IdentifiersTest" time="0.001"/>
  <testcase name="[1] a::b::c, a, b::c (testParticipantIdPositive)" classname="eu.europa.ec.smp.api.IdentifiersTest" time="0"/>
  <testcase name="[2] a:b::c, a:b, c (testParticipantIdPositive)" classname="eu.europa.ec.smp.api.IdentifiersTest" time="0.001"/>
  <testcase name="[3] ehealth-actorid-qns::urn:poland:ncpb, ehealth-actorid-qns, urn:poland:ncpb (testParticipantIdPositive)" classname="eu.europa.ec.smp.api.IdentifiersTest" time="0"/>
  <testcase name="[4] ehealth-resid-qns::urn::epsos##services:extended:epsos::51, ehealth-resid-qns, urn::epsos##services:extended:epsos::51 (testParticipantIdPositive)" classname="eu.europa.ec.smp.api.IdentifiersTest" time="0.001"/>
  <testcase name="[5] iso6523-actorid-upis::0002:gutek, iso6523-actorid-upis, 0002:gutek (testParticipantIdPositive)" classname="eu.europa.ec.smp.api.IdentifiersTest" time="0"/>
  <testcase name="[6] ehealth-actorid-qns::urn:ehealth:hr:ncpb-idp, ehealth-actorid-qns, urn:ehealth:hr:ncpb-idp (testParticipantIdPositive)" classname="eu.europa.ec.smp.api.IdentifiersTest" time="0"/>
  <testcase name="[7] scheme::urn:ehealth:pt:ncpb-idp, scheme, urn:ehealth:pt:ncpb-idp (testParticipantIdPositive)" classname="eu.europa.ec.smp.api.IdentifiersTest" time="0"/>
  <testcase name="[8] otherscheme::urn:ehealth:be:ncpb-idp, otherscheme, urn:ehealth:be:ncpb-idp (testParticipantIdPositive)" classname="eu.europa.ec.smp.api.IdentifiersTest" time="0"/>
  <testcase name="[9] ehealth-resid-qns::urn:ehealth:IdentityService::XCPD::CrossGatewayPatientDiscovery##ITI-55, ehealth-resid-qns, urn:ehealth:IdentityService::XCPD::CrossGatewayPatientDiscovery##ITI-55 (testParticipantIdPositive)" classname="eu.europa.ec.smp.api.IdentifiersTest" time="0"/>
  <testcase name="[10] ehealth-resid-qns::urn:XCPD::CrossGatewayPatientDiscovery, ehealth-resid-qns, urn:XCPD::CrossGatewayPatientDiscovery (testParticipantIdPositive)" classname="eu.europa.ec.smp.api.IdentifiersTest" time="0"/>
  <testcase name="[11] ehealth-resid-qns::urn:ehealth:PatientService::XCA::CrossGatewayQuery##ITI-38, ehealth-resid-qns, urn:ehealth:PatientService::XCA::CrossGatewayQuery##ITI-38 (testParticipantIdPositive)" classname="eu.europa.ec.smp.api.IdentifiersTest" time="0"/>
  <testcase name="[12] ehealth-resid-qns::urn:XCA::CrossGatewayQuery, ehealth-resid-qns, urn:XCA::CrossGatewayQuery (testParticipantIdPositive)" classname="eu.europa.ec.smp.api.IdentifiersTest" time="0.001"/>
  <testcase name="[13] ehealth-resid-qns::urn:ehealth:OrderService::XCA::CrossGatewayQuery##ITI-38, ehealth-resid-qns, urn:ehealth:OrderService::XCA::CrossGatewayQuery##ITI-38 (testParticipantIdPositive)" classname="eu.europa.ec.smp.api.IdentifiersTest" time="0.001"/>
  <testcase name="[14] ehealth-resid-qns::urn:ehealth:DispensationService:Initialize::XDR::ProvideandRegisterDocumentSet-b##ITI-41, ehealth-resid-qns, urn:ehealth:DispensationService:Initialize::XDR::ProvideandRegisterDocumentSet-b##ITI-41 (testParticipantIdPositive)" classname="eu.europa.ec.smp.api.IdentifiersTest" time="0"/>
  <testcase name="[15] ehealth-resid-qns::urn:XDR::ProvideandRegisterDocumentSet-b, ehealth-resid-qns, urn:XDR::ProvideandRegisterDocumentSet-b (testParticipantIdPositive)" classname="eu.europa.ec.smp.api.IdentifiersTest" time="0"/>
  <testcase name="[16] ehealth-resid-qns::urn:ehealth:DispensationService:Discard::XDR::ProvideandRegisterDocumentSet-b##ITI-41, ehealth-resid-qns, urn:ehealth:DispensationService:Discard::XDR::ProvideandRegisterDocumentSet-b##ITI-41 (testParticipantIdPositive)" classname="eu.europa.ec.smp.api.IdentifiersTest" time="0"/>
  <testcase name="[17] ehealth-resid-qns::urn:ehealth:ConsentService:Put::XDR::BPPCProvideandRegisterDocumentSet-b##ITI-41, ehealth-resid-qns, urn:ehealth:ConsentService:Put::XDR::BPPCProvideandRegisterDocumentSet-b##ITI-41 (testParticipantIdPositive)" classname="eu.europa.ec.smp.api.IdentifiersTest" time="0"/>
  <testcase name="[18] ehealth-resid-qns::urn:XDR::BPPCProvideandRegisterDocumentSet-b, ehealth-resid-qns, urn:XDR::BPPCProvideandRegisterDocumentSet-b (testParticipantIdPositive)" classname="eu.europa.ec.smp.api.IdentifiersTest" time="0"/>
  <testcase name="[19] ehealth-resid-qns::urn:ehealth:ConsentService:Discard::XDR::BPPCProvideandRegisterDocumentSet-b##ITI-41, ehealth-resid-qns, urn:ehealth:ConsentService:Discard::XDR::BPPCProvideandRegisterDocumentSet-b##ITI-41 (testParticipantIdPositive)" classname="eu.europa.ec.smp.api.IdentifiersTest" time="0"/>
  <testcase name="[20] ehealth-resid-qns::urn:ehealth:IdP::identityProvider::HPAuthentication##epsos-91, ehealth-resid-qns, urn:ehealth:IdP::identityProvider::HPAuthentication##epsos-91 (testParticipantIdPositive)" classname="eu.europa.ec.smp.api.IdentifiersTest" time="0"/>
  <testcase name="[21] ehealth-resid-qns::urn:identityProvider::HPAuthentication, ehealth-resid-qns, urn:identityProvider::HPAuthentication (testParticipantIdPositive)" classname="eu.europa.ec.smp.api.IdentifiersTest" time="0"/>
  <testcase name="[22] ehealth-resid-qns::urn:ehealth:IdP::XUA::ProvideX-UserAssertion##ITI-40, ehealth-resid-qns, urn:ehealth:IdP::XUA::ProvideX-UserAssertion##ITI-40 (testParticipantIdPositive)" classname="eu.europa.ec.smp.api.IdentifiersTest" time="0"/>
  <testcase name="[23] ehealth-resid-qns::urn:XUA::ProvideX-UserAssertion, ehealth-resid-qns, urn:XUA::ProvideX-UserAssertion (testParticipantIdPositive)" classname="eu.europa.ec.smp.api.IdentifiersTest" time="0"/>
  <testcase name="[24] ehealth-resid-qns::urn:ehealth:VPN::VPNGatewayServer##epsos-105, ehealth-resid-qns, urn:ehealth:VPN::VPNGatewayServer##epsos-105 (testParticipantIdPositive)" classname="eu.europa.ec.smp.api.IdentifiersTest" time="0"/>
  <testcase name="[25] ehealth-resid-qns::urn:ehealth:ncp::vpngateway, ehealth-resid-qns, urn:ehealth:ncp::vpngateway (testParticipantIdPositive)" classname="eu.europa.ec.smp.api.IdentifiersTest" time="0"/>
  <testcase name="[26] ehealth-resid-qns::urn:ehealth:VPN::VPNGatewayClient##epsos-106, ehealth-resid-qns, urn:ehealth:VPN::VPNGatewayClient##epsos-106 (testParticipantIdPositive)" classname="eu.europa.ec.smp.api.IdentifiersTest" time="0"/>
  <testcase name="[27] ehealth-resid-qns::urn:ehealth:ISM::InternationalSearchMask##epsos-107, ehealth-resid-qns, urn:ehealth:ISM::InternationalSearchMask##epsos-107 (testParticipantIdPositive)" classname="eu.europa.ec.smp.api.IdentifiersTest" time="0"/>
  <testcase name="[28] ehealth-resid-qns::urn:ehealth:ncp::pt:ism, ehealth-resid-qns, urn:ehealth:ncp::pt:ism (testParticipantIdPositive)" classname="eu.europa.ec.smp.api.IdentifiersTest" time="0"/>
  <testcase name="[0] null (testParticipantIdNegative)" classname="eu.europa.ec.smp.api.IdentifiersTest" time="0"/>
  <testcase name="[1]  (testParticipantIdNegative)" classname="eu.europa.ec.smp.api.IdentifiersTest" time="0"/>
  <testcase name="[2] a (testParticipantIdNegative)" classname="eu.europa.ec.smp.api.IdentifiersTest" time="0"/>
  <testcase name="[3] abc (testParticipantIdNegative)" classname="eu.europa.ec.smp.api.IdentifiersTest" time="0"/>
  <testcase name="[4] a:b (testParticipantIdNegative)" classname="eu.europa.ec.smp.api.IdentifiersTest" time="0.001"/>
  <testcase name="[5] ::a (testParticipantIdNegative)" classname="eu.europa.ec.smp.api.IdentifiersTest" time="0"/>
  <testcase name="[6] a:: (testParticipantIdNegative)" classname="eu.europa.ec.smp.api.IdentifiersTest" time="0"/>
  <testcase name="[7] ehealth-actorid-qns (testParticipantIdNegative)" classname="eu.europa.ec.smp.api.IdentifiersTest" time="0.001"/>
  <testcase name="[8] urn:poland:ncpb (testParticipantIdNegative)" classname="eu.europa.ec.smp.api.IdentifiersTest" time="0"/>
  <testcase name="[9] ehealth-resid-qns (testParticipantIdNegative)" classname="eu.europa.ec.smp.api.IdentifiersTest" time="0"/>
  <testcase name="[10] epsos##services:extended:epsos:51 (testParticipantIdNegative)" classname="eu.europa.ec.smp.api.IdentifiersTest" time="0"/>
  <testcase name="testUrlEncodingParticipantId" classname="eu.europa.ec.smp.api.IdentifiersTest" time="0.001"/>
  <testcase name="testUrlEncodingDocumentId" classname="eu.europa.ec.smp.api.IdentifiersTest" time="0.001"/>
  <testcase name="[0] a::b, a, b (testDocumentIdPositive)" classname="eu.europa.ec.smp.api.IdentifiersTest" time="0"/>
  <testcase name="[1] a::b::c, a, b::c (testDocumentIdPositive)" classname="eu.europa.ec.smp.api.IdentifiersTest" time="0"/>
  <testcase name="[2] a:b::c, a:b, c (testDocumentIdPositive)" classname="eu.europa.ec.smp.api.IdentifiersTest" time="0"/>
  <testcase name="[3] ehealth-actorid-qns::urn:poland:ncpb, ehealth-actorid-qns, urn:poland:ncpb (testDocumentIdPositive)" classname="eu.europa.ec.smp.api.IdentifiersTest" time="0"/>
  <testcase name="[4] ehealth-resid-qns::urn::epsos##services:extended:epsos::51, ehealth-resid-qns, urn::epsos##services:extended:epsos::51 (testDocumentIdPositive)" classname="eu.europa.ec.smp.api.IdentifiersTest" time="0"/>
  <testcase name="[5] iso6523-actorid-upis::0002:gutek, iso6523-actorid-upis, 0002:gutek (testDocumentIdPositive)" classname="eu.europa.ec.smp.api.IdentifiersTest" time="0"/>
  <testcase name="[6] ehealth-actorid-qns::urn:ehealth:hr:ncpb-idp, ehealth-actorid-qns, urn:ehealth:hr:ncpb-idp (testDocumentIdPositive)" classname="eu.europa.ec.smp.api.IdentifiersTest" time="0"/>
  <testcase name="[7] scheme::urn:ehealth:pt:ncpb-idp, scheme, urn:ehealth:pt:ncpb-idp (testDocumentIdPositive)" classname="eu.europa.ec.smp.api.IdentifiersTest" time="0.001"/>
  <testcase name="[8] otherscheme::urn:ehealth:be:ncpb-idp, otherscheme, urn:ehealth:be:ncpb-idp (testDocumentIdPositive)" classname="eu.europa.ec.smp.api.IdentifiersTest" time="0"/>
  <testcase name="[9] ehealth-resid-qns::urn:ehealth:IdentityService::XCPD::CrossGatewayPatientDiscovery##ITI-55, ehealth-resid-qns, urn:ehealth:IdentityService::XCPD::CrossGatewayPatientDiscovery##ITI-55 (testDocumentIdPositive)" classname="eu.europa.ec.smp.api.IdentifiersTest" time="0"/>
  <testcase name="[10] ehealth-resid-qns::urn:XCPD::CrossGatewayPatientDiscovery, ehealth-resid-qns, urn:XCPD::CrossGatewayPatientDiscovery (testDocumentIdPositive)" classname="eu.europa.ec.smp.api.IdentifiersTest" time="0"/>
  <testcase name="[11] ehealth-resid-qns::urn:ehealth:PatientService::XCA::CrossGatewayQuery##ITI-38, ehealth-resid-qns, urn:ehealth:PatientService::XCA::CrossGatewayQuery##ITI-38 (testDocumentIdPositive)" classname="eu.europa.ec.smp.api.IdentifiersTest" time="0"/>
  <testcase name="[12] ehealth-resid-qns::urn:XCA::CrossGatewayQuery, ehealth-resid-qns, urn:XCA::CrossGatewayQuery (testDocumentIdPositive)" classname="eu.europa.ec.smp.api.IdentifiersTest" time="0"/>
  <testcase name="[13] ehealth-resid-qns::urn:ehealth:OrderService::XCA::CrossGatewayQuery##ITI-38, ehealth-resid-qns, urn:ehealth:OrderService::XCA::CrossGatewayQuery##ITI-38 (testDocumentIdPositive)" classname="eu.europa.ec.smp.api.IdentifiersTest" time="0"/>
  <testcase name="[14] ehealth-resid-qns::urn:ehealth:DispensationService:Initialize::XDR::ProvideandRegisterDocumentSet-b##ITI-41, ehealth-resid-qns, urn:ehealth:DispensationService:Initialize::XDR::ProvideandRegisterDocumentSet-b##ITI-41 (testDocumentIdPositive)" classname="eu.europa.ec.smp.api.IdentifiersTest" time="0"/>
  <testcase name="[15] ehealth-resid-qns::urn:XDR::ProvideandRegisterDocumentSet-b, ehealth-resid-qns, urn:XDR::ProvideandRegisterDocumentSet-b (testDocumentIdPositive)" classname="eu.europa.ec.smp.api.IdentifiersTest" time="0"/>
  <testcase name="[16] ehealth-resid-qns::urn:ehealth:DispensationService:Discard::XDR::ProvideandRegisterDocumentSet-b##ITI-41, ehealth-resid-qns, urn:ehealth:DispensationService:Discard::XDR::ProvideandRegisterDocumentSet-b##ITI-41 (testDocumentIdPositive)" classname="eu.europa.ec.smp.api.IdentifiersTest" time="0"/>
  <testcase name="[17] ehealth-resid-qns::urn:ehealth:ConsentService:Put::XDR::BPPCProvideandRegisterDocumentSet-b##ITI-41, ehealth-resid-qns, urn:ehealth:ConsentService:Put::XDR::BPPCProvideandRegisterDocumentSet-b##ITI-41 (testDocumentIdPositive)" classname="eu.europa.ec.smp.api.IdentifiersTest" time="0"/>
  <testcase name="[18] ehealth-resid-qns::urn:XDR::BPPCProvideandRegisterDocumentSet-b, ehealth-resid-qns, urn:XDR::BPPCProvideandRegisterDocumentSet-b (testDocumentIdPositive)" classname="eu.europa.ec.smp.api.IdentifiersTest" time="0"/>
  <testcase name="[19] ehealth-resid-qns::urn:ehealth:ConsentService:Discard::XDR::BPPCProvideandRegisterDocumentSet-b##ITI-41, ehealth-resid-qns, urn:ehealth:ConsentService:Discard::XDR::BPPCProvideandRegisterDocumentSet-b##ITI-41 (testDocumentIdPositive)" classname="eu.europa.ec.smp.api.IdentifiersTest" time="0"/>
  <testcase name="[20] ehealth-resid-qns::urn:ehealth:IdP::identityProvider::HPAuthentication##epsos-91, ehealth-resid-qns, urn:ehealth:IdP::identityProvider::HPAuthentication##epsos-91 (testDocumentIdPositive)" classname="eu.europa.ec.smp.api.IdentifiersTest" time="0"/>
  <testcase name="[21] ehealth-resid-qns::urn:identityProvider::HPAuthentication, ehealth-resid-qns, urn:identityProvider::HPAuthentication (testDocumentIdPositive)" classname="eu.europa.ec.smp.api.IdentifiersTest" time="0"/>
  <testcase name="[22] ehealth-resid-qns::urn:ehealth:IdP::XUA::ProvideX-UserAssertion##ITI-40, ehealth-resid-qns, urn:ehealth:IdP::XUA::ProvideX-UserAssertion##ITI-40 (testDocumentIdPositive)" classname="eu.europa.ec.smp.api.IdentifiersTest" time="0.001"/>
  <testcase name="[23] ehealth-resid-qns::urn:XUA::ProvideX-UserAssertion, ehealth-resid-qns, urn:XUA::ProvideX-UserAssertion (testDocumentIdPositive)" classname="eu.europa.ec.smp.api.IdentifiersTest" time="0"/>
  <testcase name="[24] ehealth-resid-qns::urn:ehealth:VPN::VPNGatewayServer##epsos-105, ehealth-resid-qns, urn:ehealth:VPN::VPNGatewayServer##epsos-105 (testDocumentIdPositive)" classname="eu.europa.ec.smp.api.IdentifiersTest" time="0"/>
  <testcase name="[25] ehealth-resid-qns::urn:ehealth:ncp::vpngateway, ehealth-resid-qns, urn:ehealth:ncp::vpngateway (testDocumentIdPositive)" classname="eu.europa.ec.smp.api.IdentifiersTest" time="0"/>
  <testcase name="[26] ehealth-resid-qns::urn:ehealth:VPN::VPNGatewayClient##epsos-106, ehealth-resid-qns, urn:ehealth:VPN::VPNGatewayClient##epsos-106 (testDocumentIdPositive)" classname="eu.europa.ec.smp.api.IdentifiersTest" time="0"/>
  <testcase name="[27] ehealth-resid-qns::urn:ehealth:ISM::InternationalSearchMask##epsos-107, ehealth-resid-qns, urn:ehealth:ISM::InternationalSearchMask##epsos-107 (testDocumentIdPositive)" classname="eu.europa.ec.smp.api.IdentifiersTest" time="0"/>
  <testcase name="[28] ehealth-resid-qns::urn:ehealth:ncp::pt:ism, ehealth-resid-qns, urn:ehealth:ncp::pt:ism (testDocumentIdPositive)" classname="eu.europa.ec.smp.api.IdentifiersTest" time="0"/>
</testsuite>