<?xml version="1.0" encoding="UTF-8"?>
<testsuite xmlns:xsi="http://www.w3.org/2001/XMLSchema-instance" xsi:schemaLocation="https://maven.apache.org/surefire/maven-surefire-plugin/xsd/surefire-test-report.xsd" name="eu.europa.ec.edelivery.smp.services.ServiceGroupServiceMultipleDomainsIntegrationTest" time="1.605" tests="4" errors="0" skipped="0" failures="0">
  <properties>
[...]
</properties>
  <testcase name="getServiceGroupForAllDomainTest" classname="eu.europa.ec.edelivery.smp.services.ServiceGroupServiceMultipleDomainsIntegrationTest" time="0.074"/>
  <testcase name="createAndReadPositiveScenarioForMultipleDomain" classname="eu.europa.ec.edelivery.smp.services.ServiceGroupServiceMultipleDomainsIntegrationTest" time="0.244"/>
  <testcase name="updateAndReadPositiveScenarioForMultipleDomain" classname="eu.europa.ec.edelivery.smp.services.ServiceGroupServiceMultipleDomainsIntegrationTest" time="0.476"/>
  <testcase name="userIsNotOwnerOfServiceGroup" classname="eu.europa.ec.edelivery.smp.services.ServiceGroupServiceMultipleDomainsIntegrationTest" time="0.138"/>
</testsuite>